{"/home/mahabub/workspace/calculator-js/src/lib/Calculator.js": {"path":"/home/mahabub/workspace/calculator-js/src/lib/Calculator.js","all":false,"statementMap":{"0":{"start":{"line":1,"column":0},"end":{"line":1,"column":18}},"1":{"start":{"line":2,"column":0},"end":{"line":2,"column":20}},"2":{"start":{"line":3,"column":0},"end":{"line":3,"column":17}},"3":{"start":{"line":4,"column":0},"end":{"line":4,"column":3}},"4":{"start":{"line":5,"column":0},"end":{"line":5,"column":0}},"5":{"start":{"line":6,"column":0},"end":{"line":6,"column":25}},"6":{"start":{"line":7,"column":0},"end":{"line":7,"column":17}},"7":{"start":{"line":8,"column":0},"end":{"line":8,"column":3}},"8":{"start":{"line":9,"column":0},"end":{"line":9,"column":0}},"9":{"start":{"line":10,"column":0},"end":{"line":10,"column":25}},"10":{"start":{"line":11,"column":0},"end":{"line":11,"column":17}},"11":{"start":{"line":12,"column":0},"end":{"line":12,"column":3}},"12":{"start":{"line":13,"column":0},"end":{"line":13,"column":0}},"13":{"start":{"line":14,"column":0},"end":{"line":14,"column":25}},"14":{"start":{"line":15,"column":0},"end":{"line":15,"column":17}},"15":{"start":{"line":16,"column":0},"end":{"line":16,"column":3}},"16":{"start":{"line":17,"column":0},"end":{"line":17,"column":0}},"17":{"start":{"line":18,"column":0},"end":{"line":18,"column":20}},"18":{"start":{"line":19,"column":0},"end":{"line":19,"column":17}},"19":{"start":{"line":20,"column":0},"end":{"line":20,"column":3}},"20":{"start":{"line":21,"column":0},"end":{"line":21,"column":1}},"21":{"start":{"line":22,"column":0},"end":{"line":22,"column":0}},"22":{"start":{"line":23,"column":0},"end":{"line":23,"column":26}}},"s":{"0":1,"1":1,"2":1,"3":1,"4":1,"5":1,"6":1,"7":1,"8":1,"9":1,"10":1,"11":1,"12":1,"13":1,"14":1,"15":1,"16":1,"17":1,"18":1,"19":1,"20":1,"21":1,"22":1},"branchMap":{"0":{"type":"branch","line":2,"loc":{"start":{"line":2,"column":9},"end":{"line":4,"column":3}},"locations":[{"start":{"line":2,"column":9},"end":{"line":4,"column":3}}]},"1":{"type":"branch","line":6,"loc":{"start":{"line":6,"column":9},"end":{"line":8,"column":3}},"locations":[{"start":{"line":6,"column":9},"end":{"line":8,"column":3}}]},"2":{"type":"branch","line":10,"loc":{"start":{"line":10,"column":9},"end":{"line":12,"column":3}},"locations":[{"start":{"line":10,"column":9},"end":{"line":12,"column":3}}]},"3":{"type":"branch","line":14,"loc":{"start":{"line":14,"column":9},"end":{"line":16,"column":3}},"locations":[{"start":{"line":14,"column":9},"end":{"line":16,"column":3}}]},"4":{"type":"branch","line":18,"loc":{"start":{"line":18,"column":9},"end":{"line":20,"column":3}},"locations":[{"start":{"line":18,"column":9},"end":{"line":20,"column":3}}]}},"b":{"0":[1],"1":[1],"2":[1],"3":[1],"4":[1]},"fnMap":{"0":{"name":"add","decl":{"start":{"line":2,"column":9},"end":{"line":4,"column":3}},"loc":{"start":{"line":2,"column":9},"end":{"line":4,"column":3}},"line":2},"1":{"name":"subtract","decl":{"start":{"line":6,"column":9},"end":{"line":8,"column":3}},"loc":{"start":{"line":6,"column":9},"end":{"line":8,"column":3}},"line":6},"2":{"name":"division","decl":{"start":{"line":10,"column":9},"end":{"line":12,"column":3}},"loc":{"start":{"line":10,"column":9},"end":{"line":12,"column":3}},"line":10},"3":{"name":"multiply","decl":{"start":{"line":14,"column":9},"end":{"line":16,"column":3}},"loc":{"start":{"line":14,"column":9},"end":{"line":16,"column":3}},"line":14},"4":{"name":"mod","decl":{"start":{"line":18,"column":9},"end":{"line":20,"column":3}},"loc":{"start":{"line":18,"column":9},"end":{"line":20,"column":3}},"line":18}},"f":{"0":1,"1":1,"2":1,"3":1,"4":1}}
}
